{"/Users/emptyhardware/Projetos/Codebases/Personal/loader-algo/src/bin/Loader/index.ts": {"path":"/Users/emptyhardware/Projetos/Codebases/Personal/loader-algo/src/bin/Loader/index.ts","all":false,"statementMap":{"0":{"start":{"line":1,"column":0},"end":{"line":1,"column":46}},"1":{"start":{"line":2,"column":0},"end":{"line":2,"column":0}},"2":{"start":{"line":3,"column":0},"end":{"line":3,"column":24}},"3":{"start":{"line":4,"column":0},"end":{"line":4,"column":42}},"4":{"start":{"line":5,"column":0},"end":{"line":5,"column":40}},"5":{"start":{"line":6,"column":0},"end":{"line":6,"column":0}},"6":{"start":{"line":7,"column":0},"end":{"line":7,"column":26}},"7":{"start":{"line":8,"column":0},"end":{"line":8,"column":61}},"8":{"start":{"line":9,"column":0},"end":{"line":9,"column":3}},"9":{"start":{"line":10,"column":0},"end":{"line":10,"column":0}},"10":{"start":{"line":11,"column":0},"end":{"line":11,"column":5}},"11":{"start":{"line":12,"column":0},"end":{"line":12,"column":89}},"12":{"start":{"line":13,"column":0},"end":{"line":13,"column":53}},"13":{"start":{"line":14,"column":0},"end":{"line":14,"column":58}},"14":{"start":{"line":15,"column":0},"end":{"line":15,"column":5}},"15":{"start":{"line":16,"column":0},"end":{"line":16,"column":72}},"16":{"start":{"line":17,"column":0},"end":{"line":17,"column":38}},"17":{"start":{"line":18,"column":0},"end":{"line":18,"column":14}},"18":{"start":{"line":19,"column":0},"end":{"line":19,"column":25}},"19":{"start":{"line":20,"column":0},"end":{"line":20,"column":46}},"20":{"start":{"line":21,"column":0},"end":{"line":21,"column":19}},"21":{"start":{"line":22,"column":0},"end":{"line":22,"column":35}},"22":{"start":{"line":23,"column":0},"end":{"line":23,"column":49}},"23":{"start":{"line":24,"column":0},"end":{"line":24,"column":26}},"24":{"start":{"line":25,"column":0},"end":{"line":25,"column":9}},"25":{"start":{"line":26,"column":0},"end":{"line":26,"column":7}},"26":{"start":{"line":27,"column":0},"end":{"line":27,"column":6}},"27":{"start":{"line":28,"column":0},"end":{"line":28,"column":3}},"28":{"start":{"line":29,"column":0},"end":{"line":29,"column":0}},"29":{"start":{"line":30,"column":0},"end":{"line":30,"column":5}},"30":{"start":{"line":31,"column":0},"end":{"line":31,"column":66}},"31":{"start":{"line":32,"column":0},"end":{"line":32,"column":52}},"32":{"start":{"line":33,"column":0},"end":{"line":33,"column":5}},"33":{"start":{"line":34,"column":0},"end":{"line":34,"column":38}},"34":{"start":{"line":35,"column":0},"end":{"line":35,"column":22}},"35":{"start":{"line":36,"column":0},"end":{"line":36,"column":3}},"36":{"start":{"line":37,"column":0},"end":{"line":37,"column":0}},"37":{"start":{"line":38,"column":0},"end":{"line":38,"column":5}},"38":{"start":{"line":39,"column":0},"end":{"line":39,"column":66}},"39":{"start":{"line":40,"column":0},"end":{"line":40,"column":102}},"40":{"start":{"line":41,"column":0},"end":{"line":41,"column":44}},"41":{"start":{"line":42,"column":0},"end":{"line":42,"column":5}},"42":{"start":{"line":43,"column":0},"end":{"line":43,"column":47}},"43":{"start":{"line":44,"column":0},"end":{"line":44,"column":25}},"44":{"start":{"line":45,"column":0},"end":{"line":45,"column":3}},"45":{"start":{"line":46,"column":0},"end":{"line":46,"column":0}},"46":{"start":{"line":47,"column":0},"end":{"line":47,"column":5}},"47":{"start":{"line":48,"column":0},"end":{"line":48,"column":103}},"48":{"start":{"line":49,"column":0},"end":{"line":49,"column":103}},"49":{"start":{"line":50,"column":0},"end":{"line":50,"column":22}},"50":{"start":{"line":51,"column":0},"end":{"line":51,"column":103}},"51":{"start":{"line":52,"column":0},"end":{"line":52,"column":102}},"52":{"start":{"line":53,"column":0},"end":{"line":53,"column":62}},"53":{"start":{"line":54,"column":0},"end":{"line":54,"column":5}},"54":{"start":{"line":55,"column":0},"end":{"line":55,"column":45}},"55":{"start":{"line":56,"column":0},"end":{"line":56,"column":31}},"56":{"start":{"line":57,"column":0},"end":{"line":57,"column":56}},"57":{"start":{"line":58,"column":0},"end":{"line":58,"column":5}},"58":{"start":{"line":59,"column":0},"end":{"line":59,"column":0}},"59":{"start":{"line":60,"column":0},"end":{"line":60,"column":76}},"60":{"start":{"line":61,"column":0},"end":{"line":61,"column":0}},"61":{"start":{"line":62,"column":0},"end":{"line":62,"column":47}},"62":{"start":{"line":63,"column":0},"end":{"line":63,"column":57}},"63":{"start":{"line":64,"column":0},"end":{"line":64,"column":6}},"64":{"start":{"line":65,"column":0},"end":{"line":65,"column":0}},"65":{"start":{"line":66,"column":0},"end":{"line":66,"column":50}},"66":{"start":{"line":67,"column":0},"end":{"line":67,"column":40}},"67":{"start":{"line":68,"column":0},"end":{"line":68,"column":75}},"68":{"start":{"line":69,"column":0},"end":{"line":69,"column":8}},"69":{"start":{"line":70,"column":0},"end":{"line":70,"column":6}},"70":{"start":{"line":71,"column":0},"end":{"line":71,"column":3}},"71":{"start":{"line":72,"column":0},"end":{"line":72,"column":0}},"72":{"start":{"line":73,"column":0},"end":{"line":73,"column":5}},"73":{"start":{"line":74,"column":0},"end":{"line":74,"column":85}},"74":{"start":{"line":75,"column":0},"end":{"line":75,"column":101}},"75":{"start":{"line":76,"column":0},"end":{"line":76,"column":29}},"76":{"start":{"line":77,"column":0},"end":{"line":77,"column":100}},"77":{"start":{"line":78,"column":0},"end":{"line":78,"column":64}},"78":{"start":{"line":79,"column":0},"end":{"line":79,"column":5}},"79":{"start":{"line":80,"column":0},"end":{"line":80,"column":59}},"80":{"start":{"line":81,"column":0},"end":{"line":81,"column":80}},"81":{"start":{"line":82,"column":0},"end":{"line":82,"column":0}},"82":{"start":{"line":83,"column":0},"end":{"line":83,"column":51}},"83":{"start":{"line":84,"column":0},"end":{"line":84,"column":54}},"84":{"start":{"line":85,"column":0},"end":{"line":85,"column":46}},"85":{"start":{"line":86,"column":0},"end":{"line":86,"column":0}},"86":{"start":{"line":87,"column":0},"end":{"line":87,"column":36}},"87":{"start":{"line":88,"column":0},"end":{"line":88,"column":59}},"88":{"start":{"line":89,"column":0},"end":{"line":89,"column":5}},"89":{"start":{"line":90,"column":0},"end":{"line":90,"column":3}},"90":{"start":{"line":91,"column":0},"end":{"line":91,"column":1}}},"s":{"0":1,"1":1,"2":1,"3":4,"4":4,"5":4,"6":4,"7":4,"8":4,"9":4,"10":4,"11":4,"12":4,"13":4,"14":4,"15":4,"16":4,"17":12,"18":12,"19":12,"20":12,"21":12,"22":12,"23":12,"24":12,"25":12,"26":4,"27":4,"28":4,"29":4,"30":4,"31":4,"32":4,"33":4,"34":6,"35":6,"36":4,"37":4,"38":4,"39":4,"40":4,"41":4,"42":4,"43":2,"44":2,"45":4,"46":4,"47":4,"48":4,"49":4,"50":4,"51":4,"52":4,"53":4,"54":4,"55":4,"56":1,"57":1,"58":3,"59":3,"60":3,"61":3,"62":3,"63":3,"64":3,"65":3,"66":3,"67":3,"68":3,"69":3,"70":3,"71":4,"72":4,"73":4,"74":4,"75":4,"76":4,"77":4,"78":4,"79":4,"80":3,"81":3,"82":3,"83":3,"84":3,"85":3,"86":3,"87":2,"88":2,"89":3,"90":4},"branchMap":{"0":{"type":"branch","line":3,"loc":{"start":{"line":3,"column":7},"end":{"line":91,"column":1}},"locations":[{"start":{"line":3,"column":7},"end":{"line":91,"column":1}}]},"1":{"type":"branch","line":7,"loc":{"start":{"line":7,"column":2},"end":{"line":9,"column":3}},"locations":[{"start":{"line":7,"column":2},"end":{"line":9,"column":3}}]},"2":{"type":"branch","line":16,"loc":{"start":{"line":16,"column":10},"end":{"line":28,"column":3}},"locations":[{"start":{"line":16,"column":10},"end":{"line":28,"column":3}}]},"3":{"type":"branch","line":17,"loc":{"start":{"line":17,"column":20},"end":{"line":27,"column":5}},"locations":[{"start":{"line":17,"column":20},"end":{"line":27,"column":5}}]},"4":{"type":"branch","line":23,"loc":{"start":{"line":23,"column":33},"end":{"line":23,"column":40}},"locations":[{"start":{"line":23,"column":33},"end":{"line":23,"column":40}}]},"5":{"type":"branch","line":23,"loc":{"start":{"line":23,"column":40},"end":{"line":23,"column":48}},"locations":[{"start":{"line":23,"column":40},"end":{"line":23,"column":48}}]},"6":{"type":"branch","line":34,"loc":{"start":{"line":34,"column":2},"end":{"line":36,"column":3}},"locations":[{"start":{"line":34,"column":2},"end":{"line":36,"column":3}}]},"7":{"type":"branch","line":43,"loc":{"start":{"line":43,"column":2},"end":{"line":45,"column":3}},"locations":[{"start":{"line":43,"column":2},"end":{"line":45,"column":3}}]},"8":{"type":"branch","line":55,"loc":{"start":{"line":55,"column":2},"end":{"line":71,"column":3}},"locations":[{"start":{"line":55,"column":2},"end":{"line":71,"column":3}}]},"9":{"type":"branch","line":56,"loc":{"start":{"line":56,"column":30},"end":{"line":58,"column":5}},"locations":[{"start":{"line":56,"column":30},"end":{"line":58,"column":5}}]},"10":{"type":"branch","line":58,"loc":{"start":{"line":58,"column":4},"end":{"line":71,"column":3}},"locations":[{"start":{"line":58,"column":4},"end":{"line":71,"column":3}}]},"11":{"type":"branch","line":60,"loc":{"start":{"line":60,"column":41},"end":{"line":60,"column":74}},"locations":[{"start":{"line":60,"column":41},"end":{"line":60,"column":74}}]},"12":{"type":"branch","line":62,"loc":{"start":{"line":62,"column":37},"end":{"line":64,"column":5}},"locations":[{"start":{"line":62,"column":37},"end":{"line":64,"column":5}}]},"13":{"type":"branch","line":66,"loc":{"start":{"line":66,"column":38},"end":{"line":70,"column":5}},"locations":[{"start":{"line":66,"column":38},"end":{"line":70,"column":5}}]},"14":{"type":"branch","line":67,"loc":{"start":{"line":67,"column":21},"end":{"line":69,"column":7}},"locations":[{"start":{"line":67,"column":21},"end":{"line":69,"column":7}}]},"15":{"type":"branch","line":80,"loc":{"start":{"line":80,"column":10},"end":{"line":90,"column":3}},"locations":[{"start":{"line":80,"column":10},"end":{"line":90,"column":3}}]},"16":{"type":"branch","line":87,"loc":{"start":{"line":87,"column":35},"end":{"line":89,"column":5}},"locations":[{"start":{"line":87,"column":35},"end":{"line":89,"column":5}}]},"17":{"type":"branch","line":81,"loc":{"start":{"line":81,"column":44},"end":{"line":81,"column":78}},"locations":[{"start":{"line":81,"column":44},"end":{"line":81,"column":78}}]}},"b":{"0":[4],"1":[4],"2":[4],"3":[12],"4":[4],"5":[8],"6":[6],"7":[2],"8":[4],"9":[1],"10":[3],"11":[9],"12":[3],"13":[3],"14":[3],"15":[3],"16":[2],"17":[6]},"fnMap":{"0":{"name":"<instance_members_initializer>","decl":{"start":{"line":3,"column":7},"end":{"line":91,"column":1}},"loc":{"start":{"line":3,"column":7},"end":{"line":91,"column":1}},"line":3},"1":{"name":"Loader","decl":{"start":{"line":7,"column":2},"end":{"line":9,"column":3}},"loc":{"start":{"line":7,"column":2},"end":{"line":9,"column":3}},"line":7},"2":{"name":"transformInputDataIntoLoaderData","decl":{"start":{"line":16,"column":10},"end":{"line":28,"column":3}},"loc":{"start":{"line":16,"column":10},"end":{"line":28,"column":3}},"line":16},"3":{"name":"get data","decl":{"start":{"line":34,"column":2},"end":{"line":36,"column":3}},"loc":{"start":{"line":34,"column":2},"end":{"line":36,"column":3}},"line":34},"4":{"name":"set loaderFunction","decl":{"start":{"line":43,"column":2},"end":{"line":45,"column":3}},"loc":{"start":{"line":43,"column":2},"end":{"line":45,"column":3}},"line":43},"5":{"name":"load","decl":{"start":{"line":55,"column":2},"end":{"line":71,"column":3}},"loc":{"start":{"line":55,"column":2},"end":{"line":71,"column":3}},"line":55},"6":{"name":"updateItemAfterLoading","decl":{"start":{"line":80,"column":10},"end":{"line":90,"column":3}},"loc":{"start":{"line":80,"column":10},"end":{"line":90,"column":3}},"line":80}},"f":{"0":4,"1":4,"2":4,"3":6,"4":2,"5":4,"6":3}}
}
