TN:
SF:src/bin/Loader/index.ts
FN:3,<instance_members_initializer>
FN:7,Loader
FN:16,transformInputDataIntoLoaderData
FN:34,get data
FN:43,set loaderFunction
FN:55,load
FN:80,updateItemAfterLoading
FNF:7
FNH:7
FNDA:4,<instance_members_initializer>
FNDA:4,Loader
FNDA:4,transformInputDataIntoLoaderData
FNDA:6,get data
FNDA:2,set loaderFunction
FNDA:4,load
FNDA:3,updateItemAfterLoading
DA:1,1
DA:2,1
DA:3,1
DA:4,4
DA:5,4
DA:6,4
DA:7,4
DA:8,4
DA:9,4
DA:10,4
DA:11,4
DA:12,4
DA:13,4
DA:14,4
DA:15,4
DA:16,4
DA:17,4
DA:18,12
DA:19,12
DA:20,12
DA:21,12
DA:22,12
DA:23,12
DA:24,12
DA:25,12
DA:26,12
DA:27,4
DA:28,4
DA:29,4
DA:30,4
DA:31,4
DA:32,4
DA:33,4
DA:34,4
DA:35,6
DA:36,6
DA:37,4
DA:38,4
DA:39,4
DA:40,4
DA:41,4
DA:42,4
DA:43,4
DA:44,2
DA:45,2
DA:46,4
DA:47,4
DA:48,4
DA:49,4
DA:50,4
DA:51,4
DA:52,4
DA:53,4
DA:54,4
DA:55,4
DA:56,4
DA:57,1
DA:58,1
DA:59,3
DA:60,3
DA:61,3
DA:62,3
DA:63,3
DA:64,3
DA:65,3
DA:66,3
DA:67,3
DA:68,3
DA:69,3
DA:70,3
DA:71,3
DA:72,4
DA:73,4
DA:74,4
DA:75,4
DA:76,4
DA:77,4
DA:78,4
DA:79,4
DA:80,4
DA:81,3
DA:82,3
DA:83,3
DA:84,3
DA:85,3
DA:86,3
DA:87,3
DA:88,2
DA:89,2
DA:90,3
DA:91,4
LF:91
LH:91
BRDA:3,0,0,4
BRDA:7,1,0,4
BRDA:16,2,0,4
BRDA:17,3,0,12
BRDA:23,4,0,4
BRDA:23,5,0,8
BRDA:34,6,0,6
BRDA:43,7,0,2
BRDA:55,8,0,4
BRDA:56,9,0,1
BRDA:58,10,0,3
BRDA:60,11,0,9
BRDA:62,12,0,3
BRDA:66,13,0,3
BRDA:67,14,0,3
BRDA:80,15,0,3
BRDA:87,16,0,2
BRDA:81,17,0,6
BRF:18
BRH:18
end_of_record
